   0.00000000       0.00000000    
   5.02512557E-03   2.23251171E-02
   1.00502511E-02   4.46446687E-02
   1.50753763E-02   6.69531003E-02
   2.01005023E-02   8.92448351E-02
   2.51256283E-02  0.111514345    
   3.01507525E-02  0.133756042    
   3.51758786E-02  0.155964419    
   4.02010046E-02  0.178133920    
   4.52261306E-02  0.200259015    
   5.02512567E-02  0.222334236    
   5.52763827E-02  0.244354025    
   6.03015050E-02  0.266312897    
   6.53266311E-02  0.288205445    
   7.03517571E-02  0.310026109    
   7.53768831E-02  0.331769556    
   8.04020092E-02  0.353430301    
   8.54271352E-02  0.375002980    
   9.04522613E-02  0.396482170    
   9.54773873E-02  0.417862564    
  0.100502513      0.439138800    
  0.105527639      0.460305661    
  0.110552765      0.481357723    
  0.115577891      0.502289832    
  0.120603010      0.523096740    
  0.125628144      0.543773353    
  0.130653262      0.564314425    
  0.135678396      0.584714830    
  0.140703514      0.604969501    
  0.145728648      0.625073493    
  0.150753766      0.645021617    
  0.155778900      0.664809048    
  0.160804018      0.684430659    
  0.165829137      0.703881800    
  0.170854270      0.723157525    
  0.175879389      0.742253006    
  0.180904523      0.761163533    
  0.185929641      0.779884338    
  0.190954775      0.798410833    
  0.195979893      0.816738248    
  0.201005027      0.834862113    
  0.206030145      0.852778018    
  0.211055279      0.870481372    
  0.216080397      0.887967646    
  0.221105531      0.905232787    
  0.226130649      0.922272265    
  0.231155783      0.939081848    
  0.236180902      0.955657423    
  0.241206020      0.971994817    
  0.246231154      0.988090038    
  0.251256287       1.00393891    
  0.256281406       1.01953769    
  0.261306524       1.03488231    
  0.266331643       1.04996896    
  0.271356791       1.06479394    
  0.276381910       1.07935369    
  0.281407028       1.09364438    
  0.286432147       1.10766244    
  0.291457295       1.12140453    
  0.296482414       1.13486707    
  0.301507533       1.14804685    
  0.306532651       1.16094053    
  0.311557800       1.17354488    
  0.316582918       1.18585658    
  0.321608037       1.19787288    
  0.326633155       1.20959055    
  0.331658274       1.22100687    
  0.336683422       1.23211896    
  0.341708541       1.24292386    
  0.346733660       1.25341904    
  0.351758778       1.26360178    
  0.356783926       1.27346957    
  0.361809045       1.28302014    
  0.366834164       1.29225087    
  0.371859282       1.30115950    
  0.376884431       1.30974400    
  0.381909549       1.31800199    
  0.386934668       1.32593143    
  0.391959786       1.33353055    
  0.396984935       1.34079731    
  0.402010053       1.34772980    
  0.407035172       1.35432649    
  0.412060291       1.36058569    
  0.417085409       1.36650574    
  0.422110558       1.37208533    
  0.427135676       1.37732279    
  0.432160795       1.38221705    
  0.437185913       1.38676691    
  0.442211062       1.39097118    
  0.447236180       1.39482868    
  0.452261299       1.39833856    
  0.457286417       1.40149999    
  0.462311566       1.40431225    
  0.467336684       1.40677440    
  0.472361803       1.40888596    
  0.477386922       1.41064644    
  0.482412040       1.41205525    
  0.487437189       1.41311228    
  0.492462307       1.41381705    
  0.497487426       1.41416943    
  0.502512574       1.41416943    
  0.507537663       1.41381705    
  0.512562811       1.41311228    
  0.517587960       1.41205525    
  0.522613049       1.41064644    
  0.527638197       1.40888596    
  0.532663286       1.40677440    
  0.537688434       1.40431225    
  0.542713583       1.40149999    
  0.547738671       1.39833856    
  0.552763820       1.39482868    
  0.557788968       1.39097106    
  0.562814057       1.38676691    
  0.567839205       1.38221705    
  0.572864294       1.37732279    
  0.577889442       1.37208521    
  0.582914591       1.36650562    
  0.587939680       1.36058569    
  0.592964828       1.35432649    
  0.597989917       1.34772980    
  0.603015065       1.34079731    
  0.608040214       1.33353043    
  0.613065302       1.32593143    
  0.618090451       1.31800199    
  0.623115599       1.30974388    
  0.628140688       1.30115962    
  0.633165836       1.29225087    
  0.638190925       1.28302014    
  0.643216074       1.27346969    
  0.648241222       1.26360166    
  0.653266311       1.25341904    
  0.658291459       1.24292374    
  0.663316548       1.23211896    
  0.668341696       1.22100687    
  0.673366845       1.20959055    
  0.678391933       1.19787288    
  0.683417082       1.18585658    
  0.688442230       1.17354465    
  0.693467319       1.16094041    
  0.698492467       1.14804673    
  0.703517556       1.13486707    
  0.708542705       1.12140441    
  0.713567853       1.10766244    
  0.718592942       1.09364426    
  0.723618090       1.07935357    
  0.728643179       1.06479394    
  0.733668327       1.04996896    
  0.738693476       1.03488231    
  0.743718565       1.01953769    
  0.748743713       1.00393891    
  0.753768861      0.988089859    
  0.758793950      0.971994877    
  0.763819098      0.955657244    
  0.768844187      0.939081907    
  0.773869336      0.922272086    
  0.778894484      0.905232608    
  0.783919573      0.887967587    
  0.788944721      0.870481193    
  0.793969870      0.852777898    
  0.798994958      0.834862053    
  0.804020107      0.816738129    
  0.809045196      0.798410654    
  0.814070344      0.779884279    
  0.819095492      0.761163473    
  0.824120581      0.742253006    
  0.829145730      0.723157525    
  0.834170818      0.703881860    
  0.839195967      0.684430718    
  0.844221115      0.664808750    
  0.849246204      0.645021677    
  0.854271352      0.625073552    
  0.859296501      0.604969323    
  0.864321589      0.584714949    
  0.869346738      0.564314246    
  0.874371827      0.543773472    
  0.879396975      0.523096621    
  0.884422123      0.502289712    
  0.889447212      0.481357574    
  0.894472361      0.460305482    
  0.899497449      0.439139009    
  0.904522598      0.417862475    
  0.909547746      0.396482110    
  0.914572835      0.375002891    
  0.919597983      0.353430241    
  0.924623132      0.331769526    
  0.929648221      0.310026109    
  0.934673369      0.288205445    
  0.939698458      0.266312927    
  0.944723606      0.244354039    
  0.949748755      0.222333938    
  0.954773843      0.200259104    
  0.959798992      0.178133667    
  0.964824080      0.155964509    
  0.969849229      0.133756161    
  0.974874377      0.111514129    
  0.979899466       8.92449915E-02
  0.984924614       6.69529215E-02
  0.989949763       4.46445122E-02
  0.994974852       2.23249774E-02
   1.00000000      -1.23634479E-07
